<?xml version="1.0" encoding="UTF-8"?>
<testng-results ignored="0" total="1" passed="1" failed="0" skipped="0">
  <reporter-output>
  </reporter-output>
  <suite started-at="2023-12-18T13:01:23 IST" name="Default suite" finished-at="2023-12-18T13:01:23 IST" duration-ms="63">
    <groups>
    </groups>
    <test started-at="2023-12-18T13:01:23 IST" name="Default test" finished-at="2023-12-18T13:01:23 IST" duration-ms="63">
      <class name="packages2.New">
        <test-method is-config="true" signature="methodB()[pri:0, instance:packages2.New@15c43bd9]" started-at="2023-12-18T13:01:23 IST" name="methodB" finished-at="2023-12-18T13:01:23 IST" duration-ms="8" status="PASS">
          <reporter-output>
          </reporter-output>
        </test-method> <!-- methodB -->
        <test-method signature="methodA()[pri:0, instance:packages2.New@15c43bd9]" started-at="2023-12-18T13:01:23 IST" name="methodA" finished-at="2023-12-18T13:01:23 IST" duration-ms="10" status="PASS">
          <reporter-output>
          </reporter-output>
        </test-method> <!-- methodA -->
        <test-method is-config="true" signature="methodC()[pri:0, instance:packages2.New@15c43bd9]" started-at="2023-12-18T13:01:23 IST" name="methodC" finished-at="2023-12-18T13:01:23 IST" duration-ms="2" status="PASS">
          <reporter-output>
          </reporter-output>
        </test-method> <!-- methodC -->
      </class> <!-- packages2.New -->
    </test> <!-- Default test -->
  </suite> <!-- Default suite -->
</testng-results>
